<?xml version="1.0" encoding="UTF-8"?>
<testsuite name="com.bank.AppTest" tests="1" skipped="0" failures="0" errors="0" timestamp="2019-04-29T10:05:04" hostname="Dineshs-MBP" time="0.001">
  <properties/>
  <testcase name="testAppHasAGreeting" classname="com.bank.AppTest" time="0.001"/>
  <system-out><![CDATA[]]></system-out>
  <system-err><![CDATA[]]></system-err>
</testsuite>
